urllib3.connectionpool \u2192 DEBUG: Starting new HTTP connection (1): localhost:8080
urllib3.connectionpool \u2192 DEBUG: http://localhost:8080 "POST /api/projects HTTP/11" 201 1673
root \u2192 INFO: Project status code: 201
root \u2192 INFO: Project:demo1 created succesfully
root \u2192 INFO: Project ID:19 created succesfully
root \u2192 INFO: Successfully converted Purchase_Orders_PDF\purchase_orders_10248.pdf to Purchase_Orders_JPG\purchase_orders_10248.jpg
root \u2192 INFO: Successfully converted Purchase_Orders_PDF\purchase_orders_10249.pdf to Purchase_Orders_JPG\purchase_orders_10249.jpg
root \u2192 INFO: Successfully converted Purchase_Orders_PDF\purchase_orders_10250.pdf to Purchase_Orders_JPG\purchase_orders_10250.jpg
root \u2192 INFO: Successfully converted Purchase_Orders_PDF\purchase_orders_10251.pdf to Purchase_Orders_JPG\purchase_orders_10251.jpg
root \u2192 INFO: Successfully converted Purchase_Orders_PDF\purchase_orders_10252.pdf to Purchase_Orders_JPG\purchase_orders_10252.jpg
root \u2192 INFO: Successfully converted Purchase_Orders_PDF\purchase_orders_10253.pdf to Purchase_Orders_JPG\purchase_orders_10253.jpg
root \u2192 INFO: Successfully converted Purchase_Orders_PDF\purchase_orders_10254.pdf to Purchase_Orders_JPG\purchase_orders_10254.jpg
root \u2192 INFO: Successfully converted Purchase_Orders_PDF\purchase_orders_10255.pdf to Purchase_Orders_JPG\purchase_orders_10255.jpg
root \u2192 INFO: Successfully converted Purchase_Orders_PDF\purchase_orders_10256.pdf to Purchase_Orders_JPG\purchase_orders_10256.jpg
root \u2192 INFO: Successfully converted Purchase_Orders_PDF\purchase_orders_10257.pdf to Purchase_Orders_JPG\purchase_orders_10257.jpg
root \u2192 INFO: Successfully converted Purchase_Orders_PDF\purchase_orders_10258.pdf to Purchase_Orders_JPG\purchase_orders_10258.jpg
root \u2192 INFO: Successfully converted Purchase_Orders_PDF\purchase_orders_10259.pdf to Purchase_Orders_JPG\purchase_orders_10259.jpg
root \u2192 INFO: Successfully converted Purchase_Orders_PDF\purchase_orders_10260.pdf to Purchase_Orders_JPG\purchase_orders_10260.jpg
root \u2192 INFO: Successfully converted Purchase_Orders_PDF\purchase_orders_10261.pdf to Purchase_Orders_JPG\purchase_orders_10261.jpg
root \u2192 INFO: Successfully converted Purchase_Orders_PDF\purchase_orders_10262.pdf to Purchase_Orders_JPG\purchase_orders_10262.jpg
root \u2192 INFO: Successfully converted Purchase_Orders_PDF\purchase_orders_10263.pdf to Purchase_Orders_JPG\purchase_orders_10263.jpg
root \u2192 INFO: Successfully converted Purchase_Orders_PDF\purchase_orders_10264.pdf to Purchase_Orders_JPG\purchase_orders_10264.jpg
root \u2192 INFO: Successfully converted Purchase_Orders_PDF\purchase_orders_10265.pdf to Purchase_Orders_JPG\purchase_orders_10265.jpg
root \u2192 INFO: Successfully converted Purchase_Orders_PDF\purchase_orders_10266.pdf to Purchase_Orders_JPG\purchase_orders_10266.jpg
root \u2192 INFO: Successfully converted Purchase_Orders_PDF\purchase_orders_10267.pdf to Purchase_Orders_JPG\purchase_orders_10267.jpg
root \u2192 INFO: Successfully converted Purchase_Orders_PDF\purchase_orders_10268.pdf to Purchase_Orders_JPG\purchase_orders_10268.jpg
root \u2192 INFO: Successfully converted Purchase_Orders_PDF\purchase_orders_10269.pdf to Purchase_Orders_JPG\purchase_orders_10269.jpg
root \u2192 INFO: Successfully converted Purchase_Orders_PDF\purchase_orders_10270.pdf to Purchase_Orders_JPG\purchase_orders_10270.jpg
root \u2192 INFO: Successfully converted Purchase_Orders_PDF\purchase_orders_10271.pdf to Purchase_Orders_JPG\purchase_orders_10271.jpg
root \u2192 INFO: Successfully converted Purchase_Orders_PDF\purchase_orders_10272.pdf to Purchase_Orders_JPG\purchase_orders_10272.jpg
root \u2192 INFO: Successfully converted Purchase_Orders_PDF\purchase_orders_10273.pdf to Purchase_Orders_JPG\purchase_orders_10273.jpg
root \u2192 INFO: Successfully converted Purchase_Orders_PDF\purchase_orders_10274.pdf to Purchase_Orders_JPG\purchase_orders_10274.jpg
root \u2192 INFO: Successfully converted Purchase_Orders_PDF\purchase_orders_10275.pdf to Purchase_Orders_JPG\purchase_orders_10275.jpg
root \u2192 INFO: Successfully converted Purchase_Orders_PDF\purchase_orders_10276.pdf to Purchase_Orders_JPG\purchase_orders_10276.jpg
root \u2192 INFO: Successfully converted Purchase_Orders_PDF\purchase_orders_10277.pdf to Purchase_Orders_JPG\purchase_orders_10277.jpg
root \u2192 INFO: Successfully converted Purchase_Orders_PDF\purchase_orders_10278.pdf to Purchase_Orders_JPG\purchase_orders_10278.jpg
root \u2192 INFO: Successfully converted Purchase_Orders_PDF\purchase_orders_10279.pdf to Purchase_Orders_JPG\purchase_orders_10279.jpg
root \u2192 INFO: Successfully converted Purchase_Orders_PDF\purchase_orders_10280.pdf to Purchase_Orders_JPG\purchase_orders_10280.jpg
root \u2192 INFO: Successfully converted Purchase_Orders_PDF\purchase_orders_10281.pdf to Purchase_Orders_JPG\purchase_orders_10281.jpg
root \u2192 INFO: Successfully converted Purchase_Orders_PDF\purchase_orders_10282.pdf to Purchase_Orders_JPG\purchase_orders_10282.jpg
root \u2192 INFO: Successfully converted Purchase_Orders_PDF\purchase_orders_10283.pdf to Purchase_Orders_JPG\purchase_orders_10283.jpg
root \u2192 INFO: Successfully converted Purchase_Orders_PDF\purchase_orders_10284.pdf to Purchase_Orders_JPG\purchase_orders_10284.jpg
root \u2192 INFO: Successfully converted Purchase_Orders_PDF\purchase_orders_10285.pdf to Purchase_Orders_JPG\purchase_orders_10285.jpg
root \u2192 INFO: Successfully converted Purchase_Orders_PDF\purchase_orders_10286.pdf to Purchase_Orders_JPG\purchase_orders_10286.jpg
root \u2192 INFO: Successfully converted Purchase_Orders_PDF\purchase_orders_10287.pdf to Purchase_Orders_JPG\purchase_orders_10287.jpg
root \u2192 INFO: Successfully converted Purchase_Orders_PDF\purchase_orders_10288.pdf to Purchase_Orders_JPG\purchase_orders_10288.jpg
root \u2192 INFO: Successfully converted Purchase_Orders_PDF\purchase_orders_10289.pdf to Purchase_Orders_JPG\purchase_orders_10289.jpg
root \u2192 INFO: Successfully converted Purchase_Orders_PDF\purchase_orders_10290.pdf to Purchase_Orders_JPG\purchase_orders_10290.jpg
root \u2192 INFO: Successfully converted Purchase_Orders_PDF\purchase_orders_10291.pdf to Purchase_Orders_JPG\purchase_orders_10291.jpg
root \u2192 INFO: Successfully converted Purchase_Orders_PDF\purchase_orders_10292.pdf to Purchase_Orders_JPG\purchase_orders_10292.jpg
root \u2192 INFO: Successfully converted Purchase_Orders_PDF\purchase_orders_10293.pdf to Purchase_Orders_JPG\purchase_orders_10293.jpg
root \u2192 INFO: Successfully converted Purchase_Orders_PDF\purchase_orders_10294.pdf to Purchase_Orders_JPG\purchase_orders_10294.jpg
root \u2192 INFO: Successfully converted Purchase_Orders_PDF\purchase_orders_10295.pdf to Purchase_Orders_JPG\purchase_orders_10295.jpg
root \u2192 INFO: Successfully converted Purchase_Orders_PDF\purchase_orders_10296.pdf to Purchase_Orders_JPG\purchase_orders_10296.jpg
root \u2192 INFO: Successfully converted Purchase_Orders_PDF\purchase_orders_10297.pdf to Purchase_Orders_JPG\purchase_orders_10297.jpg
urllib3.connectionpool \u2192 DEBUG: Starting new HTTP connection (1): localhost:8080
urllib3.connectionpool \u2192 DEBUG: http://localhost:8080 "POST /api/projects/19/import HTTP/11" 201 175
root \u2192 INFO: Successfully uploaded purchase_orders_10248.jpg
urllib3.connectionpool \u2192 DEBUG: Starting new HTTP connection (1): localhost:8080
urllib3.connectionpool \u2192 DEBUG: http://localhost:8080 "POST /api/projects/19/import HTTP/11" 201 175
root \u2192 INFO: Successfully uploaded purchase_orders_10249.jpg
urllib3.connectionpool \u2192 DEBUG: Starting new HTTP connection (1): localhost:8080
urllib3.connectionpool \u2192 DEBUG: http://localhost:8080 "POST /api/projects/19/import HTTP/11" 201 175
root \u2192 INFO: Successfully uploaded purchase_orders_10250.jpg
urllib3.connectionpool \u2192 DEBUG: Starting new HTTP connection (1): localhost:8080
urllib3.connectionpool \u2192 DEBUG: http://localhost:8080 "POST /api/projects/19/import HTTP/11" 201 175
root \u2192 INFO: Successfully uploaded purchase_orders_10251.jpg
urllib3.connectionpool \u2192 DEBUG: Starting new HTTP connection (1): localhost:8080
urllib3.connectionpool \u2192 DEBUG: http://localhost:8080 "POST /api/projects/19/import HTTP/11" 201 175
root \u2192 INFO: Successfully uploaded purchase_orders_10252.jpg
urllib3.connectionpool \u2192 DEBUG: Starting new HTTP connection (1): localhost:8080
urllib3.connectionpool \u2192 DEBUG: http://localhost:8080 "POST /api/projects/19/import HTTP/11" 201 175
root \u2192 INFO: Successfully uploaded purchase_orders_10253.jpg
urllib3.connectionpool \u2192 DEBUG: Starting new HTTP connection (1): localhost:8080
urllib3.connectionpool \u2192 DEBUG: http://localhost:8080 "POST /api/projects/19/import HTTP/11" 201 174
root \u2192 INFO: Successfully uploaded purchase_orders_10254.jpg
urllib3.connectionpool \u2192 DEBUG: Starting new HTTP connection (1): localhost:8080
urllib3.connectionpool \u2192 DEBUG: http://localhost:8080 "POST /api/projects/19/import HTTP/11" 201 175
root \u2192 INFO: Successfully uploaded purchase_orders_10255.jpg
urllib3.connectionpool \u2192 DEBUG: Starting new HTTP connection (1): localhost:8080
urllib3.connectionpool \u2192 DEBUG: http://localhost:8080 "POST /api/projects/19/import HTTP/11" 201 174
root \u2192 INFO: Successfully uploaded purchase_orders_10256.jpg
urllib3.connectionpool \u2192 DEBUG: Starting new HTTP connection (1): localhost:8080
urllib3.connectionpool \u2192 DEBUG: http://localhost:8080 "POST /api/projects/19/import HTTP/11" 201 175
root \u2192 INFO: Successfully uploaded purchase_orders_10257.jpg
urllib3.connectionpool \u2192 DEBUG: Starting new HTTP connection (1): localhost:8080
urllib3.connectionpool \u2192 DEBUG: http://localhost:8080 "POST /api/projects/19/import HTTP/11" 201 175
root \u2192 INFO: Successfully uploaded purchase_orders_10258.jpg
urllib3.connectionpool \u2192 DEBUG: Starting new HTTP connection (1): localhost:8080
urllib3.connectionpool \u2192 DEBUG: http://localhost:8080 "POST /api/projects/19/import HTTP/11" 201 175
root \u2192 INFO: Successfully uploaded purchase_orders_10259.jpg
urllib3.connectionpool \u2192 DEBUG: Starting new HTTP connection (1): localhost:8080
urllib3.connectionpool \u2192 DEBUG: http://localhost:8080 "POST /api/projects/19/import HTTP/11" 201 175
root \u2192 INFO: Successfully uploaded purchase_orders_10260.jpg
urllib3.connectionpool \u2192 DEBUG: Starting new HTTP connection (1): localhost:8080
urllib3.connectionpool \u2192 DEBUG: http://localhost:8080 "POST /api/projects/19/import HTTP/11" 201 175
root \u2192 INFO: Successfully uploaded purchase_orders_10261.jpg
urllib3.connectionpool \u2192 DEBUG: Starting new HTTP connection (1): localhost:8080
urllib3.connectionpool \u2192 DEBUG: http://localhost:8080 "POST /api/projects/19/import HTTP/11" 201 174
root \u2192 INFO: Successfully uploaded purchase_orders_10262.jpg
urllib3.connectionpool \u2192 DEBUG: Starting new HTTP connection (1): localhost:8080
urllib3.connectionpool \u2192 DEBUG: http://localhost:8080 "POST /api/projects/19/import HTTP/11" 201 174
root \u2192 INFO: Successfully uploaded purchase_orders_10263.jpg
urllib3.connectionpool \u2192 DEBUG: Starting new HTTP connection (1): localhost:8080
urllib3.connectionpool \u2192 DEBUG: http://localhost:8080 "POST /api/projects/19/import HTTP/11" 201 175
root \u2192 INFO: Successfully uploaded purchase_orders_10264.jpg
urllib3.connectionpool \u2192 DEBUG: Starting new HTTP connection (1): localhost:8080
urllib3.connectionpool \u2192 DEBUG: http://localhost:8080 "POST /api/projects/19/import HTTP/11" 201 175
root \u2192 INFO: Successfully uploaded purchase_orders_10265.jpg
urllib3.connectionpool \u2192 DEBUG: Starting new HTTP connection (1): localhost:8080
urllib3.connectionpool \u2192 DEBUG: http://localhost:8080 "POST /api/projects/19/import HTTP/11" 201 175
root \u2192 INFO: Successfully uploaded purchase_orders_10266.jpg
urllib3.connectionpool \u2192 DEBUG: Starting new HTTP connection (1): localhost:8080
urllib3.connectionpool \u2192 DEBUG: http://localhost:8080 "POST /api/projects/19/import HTTP/11" 201 174
root \u2192 INFO: Successfully uploaded purchase_orders_10267.jpg
urllib3.connectionpool \u2192 DEBUG: Starting new HTTP connection (1): localhost:8080
urllib3.connectionpool \u2192 DEBUG: http://localhost:8080 "POST /api/projects/19/import HTTP/11" 201 175
root \u2192 INFO: Successfully uploaded purchase_orders_10268.jpg
urllib3.connectionpool \u2192 DEBUG: Starting new HTTP connection (1): localhost:8080
urllib3.connectionpool \u2192 DEBUG: http://localhost:8080 "POST /api/projects/19/import HTTP/11" 201 175
root \u2192 INFO: Successfully uploaded purchase_orders_10269.jpg
urllib3.connectionpool \u2192 DEBUG: Starting new HTTP connection (1): localhost:8080
urllib3.connectionpool \u2192 DEBUG: http://localhost:8080 "POST /api/projects/19/import HTTP/11" 201 174
root \u2192 INFO: Successfully uploaded purchase_orders_10270.jpg
urllib3.connectionpool \u2192 DEBUG: Starting new HTTP connection (1): localhost:8080
urllib3.connectionpool \u2192 DEBUG: http://localhost:8080 "POST /api/projects/19/import HTTP/11" 201 175
root \u2192 INFO: Successfully uploaded purchase_orders_10271.jpg
urllib3.connectionpool \u2192 DEBUG: Starting new HTTP connection (1): localhost:8080
urllib3.connectionpool \u2192 DEBUG: http://localhost:8080 "POST /api/projects/19/import HTTP/11" 201 175
root \u2192 INFO: Successfully uploaded purchase_orders_10272.jpg
urllib3.connectionpool \u2192 DEBUG: Starting new HTTP connection (1): localhost:8080
urllib3.connectionpool \u2192 DEBUG: http://localhost:8080 "POST /api/projects/19/import HTTP/11" 201 175
root \u2192 INFO: Successfully uploaded purchase_orders_10273.jpg
urllib3.connectionpool \u2192 DEBUG: Starting new HTTP connection (1): localhost:8080
urllib3.connectionpool \u2192 DEBUG: http://localhost:8080 "POST /api/projects/19/import HTTP/11" 201 175
root \u2192 INFO: Successfully uploaded purchase_orders_10274.jpg
urllib3.connectionpool \u2192 DEBUG: Starting new HTTP connection (1): localhost:8080
urllib3.connectionpool \u2192 DEBUG: http://localhost:8080 "POST /api/projects/19/import HTTP/11" 201 175
root \u2192 INFO: Successfully uploaded purchase_orders_10275.jpg
urllib3.connectionpool \u2192 DEBUG: Starting new HTTP connection (1): localhost:8080
urllib3.connectionpool \u2192 DEBUG: http://localhost:8080 "POST /api/projects/19/import HTTP/11" 201 175
root \u2192 INFO: Successfully uploaded purchase_orders_10276.jpg
urllib3.connectionpool \u2192 DEBUG: Starting new HTTP connection (1): localhost:8080
urllib3.connectionpool \u2192 DEBUG: http://localhost:8080 "POST /api/projects/19/import HTTP/11" 201 175
root \u2192 INFO: Successfully uploaded purchase_orders_10277.jpg
urllib3.connectionpool \u2192 DEBUG: Starting new HTTP connection (1): localhost:8080
urllib3.connectionpool \u2192 DEBUG: http://localhost:8080 "POST /api/projects/19/import HTTP/11" 201 174
root \u2192 INFO: Successfully uploaded purchase_orders_10278.jpg
urllib3.connectionpool \u2192 DEBUG: Starting new HTTP connection (1): localhost:8080
urllib3.connectionpool \u2192 DEBUG: http://localhost:8080 "POST /api/projects/19/import HTTP/11" 201 175
root \u2192 INFO: Successfully uploaded purchase_orders_10279.jpg
urllib3.connectionpool \u2192 DEBUG: Starting new HTTP connection (1): localhost:8080
urllib3.connectionpool \u2192 DEBUG: http://localhost:8080 "POST /api/projects/19/import HTTP/11" 201 175
root \u2192 INFO: Successfully uploaded purchase_orders_10280.jpg
urllib3.connectionpool \u2192 DEBUG: Starting new HTTP connection (1): localhost:8080
urllib3.connectionpool \u2192 DEBUG: http://localhost:8080 "POST /api/projects/19/import HTTP/11" 201 175
root \u2192 INFO: Successfully uploaded purchase_orders_10281.jpg
urllib3.connectionpool \u2192 DEBUG: Starting new HTTP connection (1): localhost:8080
urllib3.connectionpool \u2192 DEBUG: http://localhost:8080 "POST /api/projects/19/import HTTP/11" 201 175
root \u2192 INFO: Successfully uploaded purchase_orders_10282.jpg
urllib3.connectionpool \u2192 DEBUG: Starting new HTTP connection (1): localhost:8080
urllib3.connectionpool \u2192 DEBUG: http://localhost:8080 "POST /api/projects/19/import HTTP/11" 201 175
root \u2192 INFO: Successfully uploaded purchase_orders_10283.jpg
urllib3.connectionpool \u2192 DEBUG: Starting new HTTP connection (1): localhost:8080
urllib3.connectionpool \u2192 DEBUG: http://localhost:8080 "POST /api/projects/19/import HTTP/11" 201 175
root \u2192 INFO: Successfully uploaded purchase_orders_10284.jpg
urllib3.connectionpool \u2192 DEBUG: Starting new HTTP connection (1): localhost:8080
urllib3.connectionpool \u2192 DEBUG: http://localhost:8080 "POST /api/projects/19/import HTTP/11" 201 175
root \u2192 INFO: Successfully uploaded purchase_orders_10285.jpg
urllib3.connectionpool \u2192 DEBUG: Starting new HTTP connection (1): localhost:8080
urllib3.connectionpool \u2192 DEBUG: http://localhost:8080 "POST /api/projects/19/import HTTP/11" 201 174
root \u2192 INFO: Successfully uploaded purchase_orders_10286.jpg
urllib3.connectionpool \u2192 DEBUG: Starting new HTTP connection (1): localhost:8080
urllib3.connectionpool \u2192 DEBUG: http://localhost:8080 "POST /api/projects/19/import HTTP/11" 201 174
root \u2192 INFO: Successfully uploaded purchase_orders_10287.jpg
urllib3.connectionpool \u2192 DEBUG: Starting new HTTP connection (1): localhost:8080
urllib3.connectionpool \u2192 DEBUG: http://localhost:8080 "POST /api/projects/19/import HTTP/11" 201 174
root \u2192 INFO: Successfully uploaded purchase_orders_10288.jpg
urllib3.connectionpool \u2192 DEBUG: Starting new HTTP connection (1): localhost:8080
urllib3.connectionpool \u2192 DEBUG: http://localhost:8080 "POST /api/projects/19/import HTTP/11" 201 174
root \u2192 INFO: Successfully uploaded purchase_orders_10289.jpg
urllib3.connectionpool \u2192 DEBUG: Starting new HTTP connection (1): localhost:8080
urllib3.connectionpool \u2192 DEBUG: http://localhost:8080 "POST /api/projects/19/import HTTP/11" 201 174
root \u2192 INFO: Successfully uploaded purchase_orders_10290.jpg
urllib3.connectionpool \u2192 DEBUG: Starting new HTTP connection (1): localhost:8080
urllib3.connectionpool \u2192 DEBUG: http://localhost:8080 "POST /api/projects/19/import HTTP/11" 201 175
root \u2192 INFO: Successfully uploaded purchase_orders_10291.jpg
urllib3.connectionpool \u2192 DEBUG: Starting new HTTP connection (1): localhost:8080
urllib3.connectionpool \u2192 DEBUG: http://localhost:8080 "POST /api/projects/19/import HTTP/11" 201 174
root \u2192 INFO: Successfully uploaded purchase_orders_10292.jpg
urllib3.connectionpool \u2192 DEBUG: Starting new HTTP connection (1): localhost:8080
urllib3.connectionpool \u2192 DEBUG: http://localhost:8080 "POST /api/projects/19/import HTTP/11" 201 175
root \u2192 INFO: Successfully uploaded purchase_orders_10293.jpg
urllib3.connectionpool \u2192 DEBUG: Starting new HTTP connection (1): localhost:8080
urllib3.connectionpool \u2192 DEBUG: http://localhost:8080 "POST /api/projects/19/import HTTP/11" 201 174
root \u2192 INFO: Successfully uploaded purchase_orders_10294.jpg
urllib3.connectionpool \u2192 DEBUG: Starting new HTTP connection (1): localhost:8080
urllib3.connectionpool \u2192 DEBUG: http://localhost:8080 "POST /api/projects/19/import HTTP/11" 201 175
root \u2192 INFO: Successfully uploaded purchase_orders_10295.jpg
urllib3.connectionpool \u2192 DEBUG: Starting new HTTP connection (1): localhost:8080
urllib3.connectionpool \u2192 DEBUG: http://localhost:8080 "POST /api/projects/19/import HTTP/11" 201 175
root \u2192 INFO: Successfully uploaded purchase_orders_10296.jpg
urllib3.connectionpool \u2192 DEBUG: Starting new HTTP connection (1): localhost:8080
urllib3.connectionpool \u2192 DEBUG: http://localhost:8080 "POST /api/projects/19/import HTTP/11" 201 175
root \u2192 INFO: Successfully uploaded purchase_orders_10297.jpg
